     
      CORRELATION AND REGRESSION PROBLEM
      TITLE IS  Correlation between CO30-29 and CO36-35                                         
     
      DATA FILE IS co.dat   
     
     
      INDEPENDENT       DEPENDENT
        CO30-29   AND    CO36-35 
     
     
      NUMBER OF DATA POINTS :    20
      UPPER LIMITS IN  Y    X    BOTH   MIX
                       4    0      14    0
     
      
     CORRELATION TEST BY GENERALIZED KENDALL`S TAU
      
       Z-VALUE      =       3.119
       PROBABILITY  =       0.0018
 (PROBABILITY THAT A CORRELATION IS NOT PRESENT)
      
 
     CORRELATION TEST BY SPEARMAN`S RHO
 
       SPEARMANS RHO =      0.580
       PROBABILITY   =      0.0115    (NULL HYPOTHESIS, ACCURATE ONLY IF N > 30)
 
          INPUT DATA AND THEIR RANKS
 
          IND      X         Y        X RANK     Y RANK 
            -3   157.215   151.083     7.933     8.889
            -3    64.191    96.264     3.173     0.000
            -3    52.805    58.679     0.000     0.000
             0   150.222   108.334    15.867    14.815
            -1   238.215   184.753    17.000     8.889
            -3    73.502    90.103     3.173     0.000
            -3   149.747   168.711     6.347     8.889
            -3   100.688  1910.769     6.347     8.889
            -3   167.512   151.043     7.933     8.889
            -1    53.514    41.930     6.347     0.000
            -3   137.437   136.097     6.347     8.889
            -1    79.731    84.396    12.693     0.000
            -3   126.653   172.813     6.347     8.889
             0   276.287   133.232    18.000    17.778
            -1   607.243   177.503    19.000     8.889
            -3   124.991   155.546     6.347     8.889
            -3    83.603   116.856     6.347     7.407
            -3    97.974   140.587     6.347     8.889
            -3   104.569   116.325     6.347     7.407
            -3   117.838   149.519     6.347     8.889
 
     
     INPUT DATA FILE : co.dat   
      CENSORSHIP        X        Y
           0        157.215   151.083
           0         64.191    96.264
           0         52.805    58.679
           0        150.222   108.334
           0        238.215   184.753
           0         73.502    90.103
           0        149.747   168.711
           0        100.688  1910.769
           0        167.512   151.043
           0         53.514    41.930
           0        137.437   136.097
           0         79.731    84.396
           0        126.653   172.813
           0        276.287   133.232
           0        607.243   177.503
           0        124.991   155.546
           0         83.603   116.856
           0         97.974   140.587
           0        104.569   116.325
           0        117.838   149.519
