Model1
{'M_disk': 0.5,
 'M_disk_dot': 6.5e-07,
 'M_env_dot': 3.0000000000000001e-05,
 'R_cen': 15.0,
 'R_env_max': 10000.0,
 'R_inf': 3500.0,
 'beta': 1.093,
 'h100': 8.123,
 'rho_cav': 1e-21,
 'rho_cav_center': 9.9999999999999991e-22,
 'rho_cav_edge': 10000.0,
 'rstar': 5.0,
 'theta_cav': 15.52,
 'tstar': 4500.0}
INFO: Computing emissivities assuming LTE [hyperion.dust.dust_type]
Dust sublimation radius 0.749029351479
M_star 0.984542686518
Calculating the dust density profile with TSC solution...
Using IDL to calculate the TSC model.  Make sure you are running this on mechine with IDL.
% Compiled module: TSC.
% Compiled module: TSC_RUN.
Using the TSC84 density profile
% Compiled module: READCOL.
% Compiled module: REMCHAR.
% Compiled module: GETTOK.
% Compiled module: STRNUMBER.
% READCOL: 987 valid lines read
% Compiled module: LOGLIN_INTERP2PT.
% Compiled module: CUBEROOT.
% Program caused arithmetic error: Floating divide by 0
% Program caused arithmetic error: Floating illegal operand
Total dust mass = 4.733587 Solar mass
L_center =   9.19 L_sun
Hyperion run is skipped. Make sure you have run this model before.
Seems finish, lets check out the results
Bolometric luminosity of simulated spectrum:  6.87
Model2
{'M_disk': 0.5,
 'M_disk_dot': 6.5e-07,
 'M_env_dot': 3.0000000000000001e-05,
 'R_cen': 15.0,
 'R_env_max': 10000.0,
 'R_inf': 3500.0,
 'beta': 1.093,
 'h100': 8.123,
 'rho_cav': 1e-21,
 'rho_cav_center': 5.2699999999999997e-18,
 'rho_cav_edge': 40.0,
 'rstar': 5.0,
 'theta_cav': 15.52,
 'tstar': 4500.0}
INFO: Computing emissivities assuming LTE [hyperion.dust.dust_type]
Dust sublimation radius 0.749029351479
M_star 0.984542686518
Calculating the dust density profile with TSC solution...
Using IDL to calculate the TSC model.  Make sure you are running this on mechine with IDL.
% Compiled module: TSC.
% Compiled module: TSC_RUN.
Using the TSC84 density profile
% Compiled module: READCOL.
% Compiled module: REMCHAR.
% Compiled module: GETTOK.
% Compiled module: STRNUMBER.
% READCOL: 987 valid lines read
% Compiled module: LOGLIN_INTERP2PT.
% Compiled module: CUBEROOT.
% Program caused arithmetic error: Floating divide by 0
% Program caused arithmetic error: Floating illegal operand
Total dust mass = 4.733410 Solar mass
L_center =   9.19 L_sun
Hyperion run is skipped. Make sure you have run this model before.
Seems finish, lets check out the results
Bolometric luminosity of simulated spectrum:  6.96
Model3
{'M_disk': 0.5,
 'M_disk_dot': 6.5e-07,
 'M_env_dot': 3.0000000000000001e-06,
 'R_cen': 15.0,
 'R_env_max': 10000.0,
 'R_inf': 3500.0,
 'beta': 1.093,
 'h100': 8.123,
 'rho_cav': 1e-21,
 'rho_cav_center': 5.2699999999999997e-18,
 'rho_cav_edge': 40.0,
 'rstar': 5.0,
 'theta_cav': 15.52,
 'tstar': 4500.0}
INFO: Computing emissivities assuming LTE [hyperion.dust.dust_type]
Dust sublimation radius 0.749029351479
M_star 0.212113291765
Calculating the dust density profile with TSC solution...
Using IDL to calculate the TSC model.  Make sure you are running this on mechine with IDL.
% Compiled module: TSC.
% Compiled module: TSC_RUN.
Using the TSC84 density profile
% Compiled module: READCOL.
% Compiled module: REMCHAR.
% Compiled module: GETTOK.
% Compiled module: STRNUMBER.
% READCOL: 987 valid lines read
% Compiled module: LOGLIN_INTERP2PT.
% Compiled module: CUBEROOT.
% Program caused arithmetic error: Floating divide by 0
% Program caused arithmetic error: Floating illegal operand
Total dust mass = 1.019911 Solar mass
L_center =   9.19 L_sun
Hyperion run is skipped. Make sure you have run this model before.
Seems finish, lets check out the results
Bolometric luminosity of simulated spectrum:  6.88
Model4
{'M_disk': 0.5,
 'M_disk_dot': 6.5e-07,
 'M_env_dot': 2.9999999999999999e-07,
 'R_cen': 15.0,
 'R_env_max': 10000.0,
 'R_inf': 3500.0,
 'beta': 1.093,
 'h100': 8.123,
 'rho_cav': 1e-21,
 'rho_cav_center': 5.2699999999999997e-18,
 'rho_cav_edge': 40.0,
 'rstar': 5.0,
 'theta_cav': 15.52,
 'tstar': 4500.0}
INFO: Computing emissivities assuming LTE [hyperion.dust.dust_type]
Dust sublimation radius 0.749029351479
M_star 0.0456984233996
Calculating the dust density profile with TSC solution...
Using IDL to calculate the TSC model.  Make sure you are running this on mechine with IDL.
% Compiled module: TSC.
% Compiled module: TSC_RUN.
Using the TSC84 density profile
% Compiled module: READCOL.
% Compiled module: REMCHAR.
% Compiled module: GETTOK.
% Compiled module: STRNUMBER.
% READCOL: 987 valid lines read
% Compiled module: LOGLIN_INTERP2PT.
% Compiled module: CUBEROOT.
% Program caused arithmetic error: Floating divide by 0
% Program caused arithmetic error: Floating illegal operand
Total dust mass = 0.219862 Solar mass
L_center =   9.19 L_sun
Hyperion run is skipped. Make sure you have run this model before.
Seems finish, lets check out the results
Bolometric luminosity of simulated spectrum:  7.37
